<?xml version="1.0" encoding="UTF-8"?>
<testsuite xmlns:xsi="http://www.w3.org/2001/XMLSchema-instance" xsi:noNamespaceSchemaLocation="https://maven.apache.org/surefire/maven-surefire-plugin/xsd/surefire-test-report-3.0.xsd" version="3.0" name="mk.musiclibraryweb.SongTest" time="0.167" tests="56" errors="0" skipped="0" failures="0">
  <properties>
    <property name="netbeans.deploy" value="true"/>
    <property name="java.specification.version" value="21"/>
    <property name="sun.cpu.isalist" value="amd64"/>
    <property name="sun.jnu.encoding" value="Cp1250"/>
    <property name="java.class.path" value="C:\Users\placu\Music-library---Java\MusicLibraryWEB\target\test-classes;C:\Users\placu\Music-library---Java\MusicLibraryWEB\target\classes;C:\Users\placu\.m2\repository\jakarta\platform\jakarta.jakartaee-web-api\10.0.0\jakarta.jakartaee-web-api-10.0.0.jar;C:\Users\placu\.m2\repository\jakarta\servlet\jakarta.servlet-api\6.0.0\jakarta.servlet-api-6.0.0.jar;C:\Users\placu\.m2\repository\jakarta\servlet\jsp\jakarta.servlet.jsp-api\3.1.0\jakarta.servlet.jsp-api-3.1.0.jar;C:\Users\placu\.m2\repository\jakarta\el\jakarta.el-api\5.0.1\jakarta.el-api-5.0.1.jar;C:\Users\placu\.m2\repository\jakarta\servlet\jsp\jstl\jakarta.servlet.jsp.jstl-api\3.0.0\jakarta.servlet.jsp.jstl-api-3.0.0.jar;C:\Users\placu\.m2\repository\jakarta\faces\jakarta.faces-api\4.0.1\jakarta.faces-api-4.0.1.jar;C:\Users\placu\.m2\repository\jakarta\ws\rs\jakarta.ws.rs-api\3.1.0\jakarta.ws.rs-api-3.1.0.jar;C:\Users\placu\.m2\repository\jakarta\websocket\jakarta.websocket-api\2.1.0\jakarta.websocket-api-2.1.0.jar;C:\Users\placu\.m2\repository\jakarta\websocket\jakarta.websocket-client-api\2.1.0\jakarta.websocket-client-api-2.1.0.jar;C:\Users\placu\.m2\repository\jakarta\json\jakarta.json-api\2.1.0\jakarta.json-api-2.1.0.jar;C:\Users\placu\.m2\repository\jakarta\json\bind\jakarta.json.bind-api\3.0.0\jakarta.json.bind-api-3.0.0.jar;C:\Users\placu\.m2\repository\jakarta\annotation\jakarta.annotation-api\2.1.1\jakarta.annotation-api-2.1.1.jar;C:\Users\placu\.m2\repository\jakarta\ejb\jakarta.ejb-api\4.0.1\jakarta.ejb-api-4.0.1.jar;C:\Users\placu\.m2\repository\jakarta\transaction\jakarta.transaction-api\2.0.1\jakarta.transaction-api-2.0.1.jar;C:\Users\placu\.m2\repository\jakarta\persistence\jakarta.persistence-api\3.1.0\jakarta.persistence-api-3.1.0.jar;C:\Users\placu\.m2\repository\jakarta\validation\jakarta.validation-api\3.0.2\jakarta.validation-api-3.0.2.jar;C:\Users\placu\.m2\repository\jakarta\interceptor\jakarta.interceptor-api\2.1.0\jakarta.interceptor-api-2.1.0.jar;C:\Users\placu\.m2\repository\jakarta\enterprise\jakarta.enterprise.cdi-api\4.0.1\jakarta.enterprise.cdi-api-4.0.1.jar;C:\Users\placu\.m2\repository\jakarta\enterprise\jakarta.enterprise.lang-model\4.0.1\jakarta.enterprise.lang-model-4.0.1.jar;C:\Users\placu\.m2\repository\jakarta\inject\jakarta.inject-api\2.0.1\jakarta.inject-api-2.0.1.jar;C:\Users\placu\.m2\repository\jakarta\authentication\jakarta.authentication-api\3.0.0\jakarta.authentication-api-3.0.0.jar;C:\Users\placu\.m2\repository\jakarta\security\enterprise\jakarta.security.enterprise-api\3.0.0\jakarta.security.enterprise-api-3.0.0.jar;C:\Users\placu\.m2\repository\jakarta\xml\ws\jakarta.xml.ws-api\4.0.0\jakarta.xml.ws-api-4.0.0.jar;C:\Users\placu\.m2\repository\jakarta\xml\bind\jakarta.xml.bind-api\4.0.0\jakarta.xml.bind-api-4.0.0.jar;C:\Users\placu\.m2\repository\jakarta\activation\jakarta.activation-api\2.1.0\jakarta.activation-api-2.1.0.jar;C:\Users\placu\.m2\repository\jakarta\xml\soap\jakarta.xml.soap-api\3.0.0\jakarta.xml.soap-api-3.0.0.jar;C:\Users\placu\.m2\repository\org\projectlombok\lombok\1.18.34\lombok-1.18.34.jar;C:\Users\placu\.m2\repository\org\junit\jupiter\junit-jupiter-api\5.11.3\junit-jupiter-api-5.11.3.jar;C:\Users\placu\.m2\repository\org\opentest4j\opentest4j\1.3.0\opentest4j-1.3.0.jar;C:\Users\placu\.m2\repository\org\junit\platform\junit-platform-commons\1.11.3\junit-platform-commons-1.11.3.jar;C:\Users\placu\.m2\repository\org\apiguardian\apiguardian-api\1.1.2\apiguardian-api-1.1.2.jar;C:\Users\placu\.m2\repository\org\junit\jupiter\junit-jupiter-params\5.11.3\junit-jupiter-params-5.11.3.jar;C:\Users\placu\.m2\repository\org\junit\jupiter\junit-jupiter-engine\5.11.3\junit-jupiter-engine-5.11.3.jar;C:\Users\placu\.m2\repository\org\junit\platform\junit-platform-engine\1.11.3\junit-platform-engine-1.11.3.jar;C:\Users\placu\.m2\repository\org\apache\derby\derby\10.17.1.0\derby-10.17.1.0.jar;C:\Users\placu\.m2\repository\org\apache\derby\derbyshared\10.17.1.0\derbyshared-10.17.1.0.jar;C:\Users\placu\.m2\repository\org\apache\derby\derbyclient\10.17.1.0\derbyclient-10.17.1.0.jar;C:\Users\placu\.m2\repository\org\eclipse\persistence\eclipselink\4.0.4\eclipselink-4.0.4.jar;C:\Users\placu\.m2\repository\com\sun\xml\bind\jaxb-xjc\4.0.5\jaxb-xjc-4.0.5.jar;C:\Users\placu\.m2\repository\com\sun\xml\bind\jaxb-core\4.0.5\jaxb-core-4.0.5.jar;C:\Users\placu\.m2\repository\org\eclipse\angus\angus-activation\2.0.2\angus-activation-2.0.2.jar;"/>
    <property name="java.vm.vendor" value="Oracle Corporation"/>
    <property name="sun.arch.data.model" value="64"/>
    <property name="user.variant" value=""/>
    <property name="exec.appArgs" value=""/>
    <property name="java.vendor.url" value="https://java.oracle.com/"/>
    <property name="user.timezone" value="Europe/Warsaw"/>
    <property name="os.name" value="Windows 11"/>
    <property name="java.vm.specification.version" value="21"/>
    <property name="user.country" value="PL"/>
    <property name="sun.java.launcher" value="SUN_STANDARD"/>
    <property name="sun.boot.library.path" value="C:\Program Files\Java\jdk-21\bin"/>
    <property name="sun.java.command" value="C:\Users\placu\AppData\Local\Temp\surefire7806539700669565845\surefirebooter-20241216192431492_3.jar C:\Users\placu\AppData\Local\Temp\surefire7806539700669565845 2024-12-16T19-24-31_339-jvmRun1 surefire-20241216192431492_1tmp surefire_0-20241216192431492_2tmp"/>
    <property name="jdk.debug" value="release"/>
    <property name="exec.vmArgs" value=""/>
    <property name="surefire.test.class.path" value="C:\Users\placu\Music-library---Java\MusicLibraryWEB\target\test-classes;C:\Users\placu\Music-library---Java\MusicLibraryWEB\target\classes;C:\Users\placu\.m2\repository\jakarta\platform\jakarta.jakartaee-web-api\10.0.0\jakarta.jakartaee-web-api-10.0.0.jar;C:\Users\placu\.m2\repository\jakarta\servlet\jakarta.servlet-api\6.0.0\jakarta.servlet-api-6.0.0.jar;C:\Users\placu\.m2\repository\jakarta\servlet\jsp\jakarta.servlet.jsp-api\3.1.0\jakarta.servlet.jsp-api-3.1.0.jar;C:\Users\placu\.m2\repository\jakarta\el\jakarta.el-api\5.0.1\jakarta.el-api-5.0.1.jar;C:\Users\placu\.m2\repository\jakarta\servlet\jsp\jstl\jakarta.servlet.jsp.jstl-api\3.0.0\jakarta.servlet.jsp.jstl-api-3.0.0.jar;C:\Users\placu\.m2\repository\jakarta\faces\jakarta.faces-api\4.0.1\jakarta.faces-api-4.0.1.jar;C:\Users\placu\.m2\repository\jakarta\ws\rs\jakarta.ws.rs-api\3.1.0\jakarta.ws.rs-api-3.1.0.jar;C:\Users\placu\.m2\repository\jakarta\websocket\jakarta.websocket-api\2.1.0\jakarta.websocket-api-2.1.0.jar;C:\Users\placu\.m2\repository\jakarta\websocket\jakarta.websocket-client-api\2.1.0\jakarta.websocket-client-api-2.1.0.jar;C:\Users\placu\.m2\repository\jakarta\json\jakarta.json-api\2.1.0\jakarta.json-api-2.1.0.jar;C:\Users\placu\.m2\repository\jakarta\json\bind\jakarta.json.bind-api\3.0.0\jakarta.json.bind-api-3.0.0.jar;C:\Users\placu\.m2\repository\jakarta\annotation\jakarta.annotation-api\2.1.1\jakarta.annotation-api-2.1.1.jar;C:\Users\placu\.m2\repository\jakarta\ejb\jakarta.ejb-api\4.0.1\jakarta.ejb-api-4.0.1.jar;C:\Users\placu\.m2\repository\jakarta\transaction\jakarta.transaction-api\2.0.1\jakarta.transaction-api-2.0.1.jar;C:\Users\placu\.m2\repository\jakarta\persistence\jakarta.persistence-api\3.1.0\jakarta.persistence-api-3.1.0.jar;C:\Users\placu\.m2\repository\jakarta\validation\jakarta.validation-api\3.0.2\jakarta.validation-api-3.0.2.jar;C:\Users\placu\.m2\repository\jakarta\interceptor\jakarta.interceptor-api\2.1.0\jakarta.interceptor-api-2.1.0.jar;C:\Users\placu\.m2\repository\jakarta\enterprise\jakarta.enterprise.cdi-api\4.0.1\jakarta.enterprise.cdi-api-4.0.1.jar;C:\Users\placu\.m2\repository\jakarta\enterprise\jakarta.enterprise.lang-model\4.0.1\jakarta.enterprise.lang-model-4.0.1.jar;C:\Users\placu\.m2\repository\jakarta\inject\jakarta.inject-api\2.0.1\jakarta.inject-api-2.0.1.jar;C:\Users\placu\.m2\repository\jakarta\authentication\jakarta.authentication-api\3.0.0\jakarta.authentication-api-3.0.0.jar;C:\Users\placu\.m2\repository\jakarta\security\enterprise\jakarta.security.enterprise-api\3.0.0\jakarta.security.enterprise-api-3.0.0.jar;C:\Users\placu\.m2\repository\jakarta\xml\ws\jakarta.xml.ws-api\4.0.0\jakarta.xml.ws-api-4.0.0.jar;C:\Users\placu\.m2\repository\jakarta\xml\bind\jakarta.xml.bind-api\4.0.0\jakarta.xml.bind-api-4.0.0.jar;C:\Users\placu\.m2\repository\jakarta\activation\jakarta.activation-api\2.1.0\jakarta.activation-api-2.1.0.jar;C:\Users\placu\.m2\repository\jakarta\xml\soap\jakarta.xml.soap-api\3.0.0\jakarta.xml.soap-api-3.0.0.jar;C:\Users\placu\.m2\repository\org\projectlombok\lombok\1.18.34\lombok-1.18.34.jar;C:\Users\placu\.m2\repository\org\junit\jupiter\junit-jupiter-api\5.11.3\junit-jupiter-api-5.11.3.jar;C:\Users\placu\.m2\repository\org\opentest4j\opentest4j\1.3.0\opentest4j-1.3.0.jar;C:\Users\placu\.m2\repository\org\junit\platform\junit-platform-commons\1.11.3\junit-platform-commons-1.11.3.jar;C:\Users\placu\.m2\repository\org\apiguardian\apiguardian-api\1.1.2\apiguardian-api-1.1.2.jar;C:\Users\placu\.m2\repository\org\junit\jupiter\junit-jupiter-params\5.11.3\junit-jupiter-params-5.11.3.jar;C:\Users\placu\.m2\repository\org\junit\jupiter\junit-jupiter-engine\5.11.3\junit-jupiter-engine-5.11.3.jar;C:\Users\placu\.m2\repository\org\junit\platform\junit-platform-engine\1.11.3\junit-platform-engine-1.11.3.jar;C:\Users\placu\.m2\repository\org\apache\derby\derby\10.17.1.0\derby-10.17.1.0.jar;C:\Users\placu\.m2\repository\org\apache\derby\derbyshared\10.17.1.0\derbyshared-10.17.1.0.jar;C:\Users\placu\.m2\repository\org\apache\derby\derbyclient\10.17.1.0\derbyclient-10.17.1.0.jar;C:\Users\placu\.m2\repository\org\eclipse\persistence\eclipselink\4.0.4\eclipselink-4.0.4.jar;C:\Users\placu\.m2\repository\com\sun\xml\bind\jaxb-xjc\4.0.5\jaxb-xjc-4.0.5.jar;C:\Users\placu\.m2\repository\com\sun\xml\bind\jaxb-core\4.0.5\jaxb-core-4.0.5.jar;C:\Users\placu\.m2\repository\org\eclipse\angus\angus-activation\2.0.2\angus-activation-2.0.2.jar;"/>
    <property name="sun.cpu.endian" value="little"/>
    <property name="user.home" value="C:\Users\placu"/>
    <property name="user.language" value="pl"/>
    <property name="java.specification.vendor" value="Oracle Corporation"/>
    <property name="java.version.date" value="2024-07-16"/>
    <property name="java.home" value="C:\Program Files\Java\jdk-21"/>
    <property name="file.separator" value="\"/>
    <property name="basedir" value="C:\Users\placu\Music-library---Java\MusicLibraryWEB"/>
    <property name="java.vm.compressedOopsMode" value="Zero based"/>
    <property name="line.separator" value="&#10;"/>
    <property name="java.vm.specification.vendor" value="Oracle Corporation"/>
    <property name="java.specification.name" value="Java Platform API Specification"/>
    <property name="surefire.real.class.path" value="C:\Users\placu\AppData\Local\Temp\surefire7806539700669565845\surefirebooter-20241216192431492_3.jar"/>
    <property name="user.script" value=""/>
    <property name="sun.management.compiler" value="HotSpot 64-Bit Tiered Compilers"/>
    <property name="java.runtime.version" value="21.0.4+8-LTS-274"/>
    <property name="user.name" value="placu"/>
    <property name="stdout.encoding" value="Cp1250"/>
    <property name="path.separator" value=";"/>
    <property name="os.version" value="10.0"/>
    <property name="java.runtime.name" value="Java(TM) SE Runtime Environment"/>
    <property name="file.encoding" value="UTF-8"/>
    <property name="java.vm.name" value="Java HotSpot(TM) 64-Bit Server VM"/>
    <property name="maven.ext.class.path" value="C:\Program Files\NetBeans-22\netbeans\java\maven-nblib\netbeans-eventspy.jar"/>
    <property name="localRepository" value="C:\Users\placu\.m2\repository"/>
    <property name="java.vendor.url.bug" value="https://bugreport.java.com/bugreport/"/>
    <property name="java.io.tmpdir" value="C:\Users\placu\AppData\Local\Temp\"/>
    <property name="java.version" value="21.0.4"/>
    <property name="user.dir" value="C:\Users\placu\Music-library---Java\MusicLibraryWEB"/>
    <property name="os.arch" value="amd64"/>
    <property name="java.vm.specification.name" value="Java Virtual Machine Specification"/>
    <property name="sun.os.patch.level" value=""/>
    <property name="native.encoding" value="Cp1250"/>
    <property name="java.library.path" value="C:\Program Files\Java\jdk-21\bin;C:\WINDOWS\Sun\Java\bin;C:\WINDOWS\system32;C:\WINDOWS;C:\Program Files\Common Files\Oracle\Java\javapath;C:\WINDOWS\system32;C:\WINDOWS;C:\WINDOWS\System32\Wbem;C:\WINDOWS\System32\WindowsPowerShell\v1.0\;C:\WINDOWS\System32\OpenSSH\;C:\Program Files\Git\cmd;C:\Program Files\Microsoft SQL Server\150\Tools\Binn\;C:\Program Files (x86)\Windows Kits\10\Windows Performance Toolkit\;C:\Program Files\dotnet\;C:\Program Files\Microsoft SQL Server\130\Tools\Binn\;C:\Users\placu\AppData\Local\Microsoft\WindowsApps;C:\Users\placu\AppData\Local\Programs\Microsoft VS Code\bin;C:\Users\placu\.dotnet\tools;;."/>
    <property name="java.vm.info" value="mixed mode, sharing"/>
    <property name="stderr.encoding" value="Cp1250"/>
    <property name="java.vendor" value="Oracle Corporation"/>
    <property name="java.vm.version" value="21.0.4+8-LTS-274"/>
    <property name="sun.io.unicode.encoding" value="UnicodeLittle"/>
    <property name="java.class.version" value="65.0"/>
  </properties>
  <testcase name="testSetAuthorSurnameNullEmptyBlank(String)[1]" classname="mk.musiclibraryweb.SongTest" time="0.002"/>
  <testcase name="testSetAuthorSurnameNullEmptyBlank(String)[2]" classname="mk.musiclibraryweb.SongTest" time="0.002"/>
  <testcase name="testSetAuthorSurnameNullEmptyBlank(String)[3]" classname="mk.musiclibraryweb.SongTest" time="0.006"/>
  <testcase name="testSetAuthorSurnameNullEmptyBlank(String)[4]" classname="mk.musiclibraryweb.SongTest" time="0.001"/>
  <testcase name="testSetAuthorSurnameNullEmptyBlank(String)[5]" classname="mk.musiclibraryweb.SongTest" time="0.002"/>
  <testcase name="testSetAuthorSurnameProperlyValues(String)[1]" classname="mk.musiclibraryweb.SongTest" time="0.001"/>
  <testcase name="testSetAuthorSurnameProperlyValues(String)[2]" classname="mk.musiclibraryweb.SongTest" time="0.001"/>
  <testcase name="testSetAuthorNameNullEmptyBlank(String)[1]" classname="mk.musiclibraryweb.SongTest" time="0.001"/>
  <testcase name="testSetAuthorNameNullEmptyBlank(String)[2]" classname="mk.musiclibraryweb.SongTest" time="0.001"/>
  <testcase name="testSetAuthorNameNullEmptyBlank(String)[3]" classname="mk.musiclibraryweb.SongTest" time="0.002"/>
  <testcase name="testSetAuthorNameNullEmptyBlank(String)[4]" classname="mk.musiclibraryweb.SongTest" time="0.004"/>
  <testcase name="testSetAuthorNameNullEmptyBlank(String)[5]" classname="mk.musiclibraryweb.SongTest" time="0.002"/>
  <testcase name="testSetAuthorNameProperlyValues(String)[1]" classname="mk.musiclibraryweb.SongTest" time="0.001"/>
  <testcase name="testSetAuthorNameProperlyValues(String)[2]" classname="mk.musiclibraryweb.SongTest" time="0.004"/>
  <testcase name="testSetSongTimeNullEmptyBlank(String)[1]" classname="mk.musiclibraryweb.SongTest" time="0.001"/>
  <testcase name="testSetSongTimeNullEmptyBlank(String)[2]" classname="mk.musiclibraryweb.SongTest" time="0.001"/>
  <testcase name="testSetSongTimeNullEmptyBlank(String)[3]" classname="mk.musiclibraryweb.SongTest" time="0.002"/>
  <testcase name="testSetSongTimeNullEmptyBlank(String)[4]" classname="mk.musiclibraryweb.SongTest" time="0.001"/>
  <testcase name="testSetSongTimeNullEmptyBlank(String)[5]" classname="mk.musiclibraryweb.SongTest" time="0.001"/>
  <testcase name="testSetSongTimeProperlyValues(String)[1]" classname="mk.musiclibraryweb.SongTest" time="0.002"/>
  <testcase name="testSetSongTimeProperlyValues(String)[2]" classname="mk.musiclibraryweb.SongTest" time="0.001"/>
  <testcase name="testSetSongReleaseNullEmptyBlank(String)[1]" classname="mk.musiclibraryweb.SongTest" time="0.002"/>
  <testcase name="testSetSongReleaseNullEmptyBlank(String)[2]" classname="mk.musiclibraryweb.SongTest" time="0.001"/>
  <testcase name="testSetSongReleaseNullEmptyBlank(String)[3]" classname="mk.musiclibraryweb.SongTest" time="0.001"/>
  <testcase name="testSetSongReleaseNullEmptyBlank(String)[4]" classname="mk.musiclibraryweb.SongTest" time="0.001"/>
  <testcase name="testSetSongReleaseNullEmptyBlank(String)[5]" classname="mk.musiclibraryweb.SongTest" time="0.001"/>
  <testcase name="testSetSongReleaseProperlyValues(String)[1]" classname="mk.musiclibraryweb.SongTest" time="0.002"/>
  <testcase name="testSetSongReleaseProperlyValues(String)[2]" classname="mk.musiclibraryweb.SongTest" time="0.001"/>
  <testcase name="testSongNotNull(Song)[1]" classname="mk.musiclibraryweb.SongTest" time="0.001"/>
  <testcase name="testSongNotNull(Song)[2]" classname="mk.musiclibraryweb.SongTest" time="0.001"/>
  <testcase name="testSongNotNull(Song)[3]" classname="mk.musiclibraryweb.SongTest" time="0.001"/>
  <testcase name="testSongNotNull(Song)[4]" classname="mk.musiclibraryweb.SongTest" time="0.001"/>
  <testcase name="testSetSongTitleNullEmptyBlank(String)[1]" classname="mk.musiclibraryweb.SongTest" time="0.001"/>
  <testcase name="testSetSongTitleNullEmptyBlank(String)[2]" classname="mk.musiclibraryweb.SongTest" time="0.001"/>
  <testcase name="testSetSongTitleNullEmptyBlank(String)[3]" classname="mk.musiclibraryweb.SongTest" time="0.001"/>
  <testcase name="testSetSongTitleNullEmptyBlank(String)[4]" classname="mk.musiclibraryweb.SongTest" time="0.001"/>
  <testcase name="testSetSongTitleNullEmptyBlank(String)[5]" classname="mk.musiclibraryweb.SongTest" time="0.001"/>
  <testcase name="testSetSongTitleProperlyValues(String)[1]" classname="mk.musiclibraryweb.SongTest" time="0.001"/>
  <testcase name="testSetSongTitleProperlyValues(String)[2]" classname="mk.musiclibraryweb.SongTest" time="0.001"/>
  <testcase name="testSetSongTimeNotProperlyValues(String)[1]" classname="mk.musiclibraryweb.SongTest" time="0.001"/>
  <testcase name="testSetSongTimeNotProperlyValues(String)[2]" classname="mk.musiclibraryweb.SongTest" time="0.001"/>
  <testcase name="testSetSongTimeNotProperlyValues(String)[3]" classname="mk.musiclibraryweb.SongTest" time="0.001"/>
  <testcase name="testSetSongTimeNotProperlyValues(String)[4]" classname="mk.musiclibraryweb.SongTest" time="0.005"/>
  <testcase name="testSetSongAlbumNullEmptyBlank(String)[1]" classname="mk.musiclibraryweb.SongTest" time="0.001"/>
  <testcase name="testSetSongAlbumNullEmptyBlank(String)[2]" classname="mk.musiclibraryweb.SongTest" time="0.001"/>
  <testcase name="testSetSongAlbumNullEmptyBlank(String)[3]" classname="mk.musiclibraryweb.SongTest" time="0.001"/>
  <testcase name="testSetSongAlbumNullEmptyBlank(String)[4]" classname="mk.musiclibraryweb.SongTest" time="0.001"/>
  <testcase name="testSetSongAlbumNullEmptyBlank(String)[5]" classname="mk.musiclibraryweb.SongTest" time="0.001"/>
  <testcase name="testSetSongAlbumProperlyValues(String)[1]" classname="mk.musiclibraryweb.SongTest" time="0.001"/>
  <testcase name="testSetSongAlbumProperlyValues(String)[2]" classname="mk.musiclibraryweb.SongTest" time="0.001"/>
  <testcase name="testSetSongReleaseNotProperlyValues(String)[1]" classname="mk.musiclibraryweb.SongTest" time="0.001"/>
  <testcase name="testSetSongReleaseNotProperlyValues(String)[2]" classname="mk.musiclibraryweb.SongTest" time="0.001"/>
  <testcase name="testSetSongReleaseNotProperlyValues(String)[3]" classname="mk.musiclibraryweb.SongTest" time="0.001"/>
  <testcase name="testSetSongReleaseNotProperlyValues(String)[4]" classname="mk.musiclibraryweb.SongTest" time="0.001"/>
  <testcase name="testSongUpdate(Song, Song, Song)[1]" classname="mk.musiclibraryweb.SongTest" time="0.002"/>
  <testcase name="testSongUpdate(Song, Song, Song)[2]" classname="mk.musiclibraryweb.SongTest" time="0.001"/>
</testsuite>