<?xml version="1.0" encoding="UTF-8"?>
<testsuite xmlns:xsi="http://www.w3.org/2001/XMLSchema-instance" xsi:noNamespaceSchemaLocation="https://maven.apache.org/surefire/maven-surefire-plugin/xsd/surefire-test-report-3.0.xsd" version="3.0" name="mk.musiclibrarygui.SongListTest" time="0.193" tests="23" errors="0" skipped="0" failures="0">
  <properties>
    <property name="java.specification.version" value="21"/>
    <property name="sun.cpu.isalist" value="amd64"/>
    <property name="sun.jnu.encoding" value="Cp1250"/>
    <property name="java.class.path" value="C:\Users\placu\Music-library---Java\MusicLibraryGUI\target\test-classes;C:\Users\placu\.m2\repository\org\openjfx\javafx-controls\13\javafx-controls-13.jar;C:\Users\placu\.m2\repository\org\openjfx\javafx-graphics\13\javafx-graphics-13.jar;C:\Users\placu\.m2\repository\org\openjfx\javafx-base\13\javafx-base-13.jar;C:\Users\placu\.m2\repository\org\openjfx\javafx-fxml\13\javafx-fxml-13.jar;C:\Users\placu\.m2\repository\org\junit\jupiter\junit-jupiter-api\5.11.3\junit-jupiter-api-5.11.3.jar;C:\Users\placu\.m2\repository\org\opentest4j\opentest4j\1.3.0\opentest4j-1.3.0.jar;C:\Users\placu\.m2\repository\org\junit\platform\junit-platform-commons\1.11.3\junit-platform-commons-1.11.3.jar;C:\Users\placu\.m2\repository\org\apiguardian\apiguardian-api\1.1.2\apiguardian-api-1.1.2.jar;C:\Users\placu\.m2\repository\org\junit\jupiter\junit-jupiter-params\5.11.3\junit-jupiter-params-5.11.3.jar;C:\Users\placu\.m2\repository\org\junit\jupiter\junit-jupiter-engine\5.11.3\junit-jupiter-engine-5.11.3.jar;C:\Users\placu\.m2\repository\org\junit\platform\junit-platform-engine\1.11.3\junit-platform-engine-1.11.3.jar;"/>
    <property name="java.vm.vendor" value="Oracle Corporation"/>
    <property name="sun.arch.data.model" value="64"/>
    <property name="user.variant" value=""/>
    <property name="java.vendor.url" value="https://java.oracle.com/"/>
    <property name="user.timezone" value="Europe/Warsaw"/>
    <property name="os.name" value="Windows 11"/>
    <property name="java.vm.specification.version" value="21"/>
    <property name="user.country" value="PL"/>
    <property name="sun.java.launcher" value="SUN_STANDARD"/>
    <property name="sun.boot.library.path" value="C:\Program Files\Java\jdk-21\bin"/>
    <property name="sun.java.command" value="org.apache.maven.surefire.booter.ForkedBooter C:\Users\placu\AppData\Local\Temp\surefire6436474419545281350 2024-11-22T00-07-44_978-jvmRun1 surefire-20241122000745235_1tmp surefire_0-20241122000745235_2tmp"/>
    <property name="jdk.debug" value="release"/>
    <property name="test" value="mk.musiclibrarygui.**.*Test"/>
    <property name="surefire.test.class.path" value="C:\Users\placu\Music-library---Java\MusicLibraryGUI\target\test-classes;C:\Users\placu\.m2\repository\org\openjfx\javafx-controls\13\javafx-controls-13.jar;C:\Users\placu\.m2\repository\org\openjfx\javafx-graphics\13\javafx-graphics-13.jar;C:\Users\placu\.m2\repository\org\openjfx\javafx-base\13\javafx-base-13.jar;C:\Users\placu\.m2\repository\org\openjfx\javafx-fxml\13\javafx-fxml-13.jar;C:\Users\placu\.m2\repository\org\junit\jupiter\junit-jupiter-api\5.11.3\junit-jupiter-api-5.11.3.jar;C:\Users\placu\.m2\repository\org\opentest4j\opentest4j\1.3.0\opentest4j-1.3.0.jar;C:\Users\placu\.m2\repository\org\junit\platform\junit-platform-commons\1.11.3\junit-platform-commons-1.11.3.jar;C:\Users\placu\.m2\repository\org\apiguardian\apiguardian-api\1.1.2\apiguardian-api-1.1.2.jar;C:\Users\placu\.m2\repository\org\junit\jupiter\junit-jupiter-params\5.11.3\junit-jupiter-params-5.11.3.jar;C:\Users\placu\.m2\repository\org\junit\jupiter\junit-jupiter-engine\5.11.3\junit-jupiter-engine-5.11.3.jar;C:\Users\placu\.m2\repository\org\junit\platform\junit-platform-engine\1.11.3\junit-platform-engine-1.11.3.jar;"/>
    <property name="sun.cpu.endian" value="little"/>
    <property name="user.home" value="C:\Users\placu"/>
    <property name="user.language" value="pl"/>
    <property name="java.specification.vendor" value="Oracle Corporation"/>
    <property name="jdk.module.path" value="C:\Users\placu\Music-library---Java\MusicLibraryGUI\target\classes;C:\Users\placu\.m2\repository\org\openjfx\javafx-controls\13\javafx-controls-13-win.jar;C:\Users\placu\.m2\repository\org\openjfx\javafx-graphics\13\javafx-graphics-13-win.jar;C:\Users\placu\.m2\repository\org\openjfx\javafx-base\13\javafx-base-13-win.jar;C:\Users\placu\.m2\repository\org\openjfx\javafx-fxml\13\javafx-fxml-13-win.jar;C:\Users\placu\.m2\repository\org\projectlombok\lombok\1.18.34\lombok-1.18.34.jar"/>
    <property name="java.version.date" value="2024-07-16"/>
    <property name="java.home" value="C:\Program Files\Java\jdk-21"/>
    <property name="file.separator" value="\"/>
    <property name="basedir" value="C:\Users\placu\Music-library---Java\MusicLibraryGUI"/>
    <property name="java.vm.compressedOopsMode" value="Zero based"/>
    <property name="line.separator" value="&#10;"/>
    <property name="java.vm.specification.vendor" value="Oracle Corporation"/>
    <property name="java.specification.name" value="Java Platform API Specification"/>
    <property name="surefire.real.class.path" value="C:\Users\placu\.m2\repository\org\apache\maven\surefire\surefire-booter\3.2.2\surefire-booter-3.2.2.jar;C:\Users\placu\.m2\repository\org\apache\maven\surefire\surefire-api\3.2.2\surefire-api-3.2.2.jar;C:\Users\placu\.m2\repository\org\apache\maven\surefire\surefire-logger-api\3.2.2\surefire-logger-api-3.2.2.jar;C:\Users\placu\.m2\repository\org\apache\maven\surefire\surefire-shared-utils\3.2.2\surefire-shared-utils-3.2.2.jar;C:\Users\placu\.m2\repository\org\apache\maven\surefire\surefire-extensions-spi\3.2.2\surefire-extensions-spi-3.2.2.jar;C:\Users\placu\Music-library---Java\MusicLibraryGUI\target\test-classes;C:\Users\placu\.m2\repository\org\openjfx\javafx-controls\13\javafx-controls-13.jar;C:\Users\placu\.m2\repository\org\openjfx\javafx-graphics\13\javafx-graphics-13.jar;C:\Users\placu\.m2\repository\org\openjfx\javafx-base\13\javafx-base-13.jar;C:\Users\placu\.m2\repository\org\openjfx\javafx-fxml\13\javafx-fxml-13.jar;C:\Users\placu\.m2\repository\org\junit\jupiter\junit-jupiter-api\5.11.3\junit-jupiter-api-5.11.3.jar;C:\Users\placu\.m2\repository\org\opentest4j\opentest4j\1.3.0\opentest4j-1.3.0.jar;C:\Users\placu\.m2\repository\org\junit\platform\junit-platform-commons\1.11.3\junit-platform-commons-1.11.3.jar;C:\Users\placu\.m2\repository\org\apiguardian\apiguardian-api\1.1.2\apiguardian-api-1.1.2.jar;C:\Users\placu\.m2\repository\org\junit\jupiter\junit-jupiter-params\5.11.3\junit-jupiter-params-5.11.3.jar;C:\Users\placu\.m2\repository\org\junit\jupiter\junit-jupiter-engine\5.11.3\junit-jupiter-engine-5.11.3.jar;C:\Users\placu\.m2\repository\org\junit\platform\junit-platform-engine\1.11.3\junit-platform-engine-1.11.3.jar;C:\Users\placu\.m2\repository\org\apache\maven\surefire\surefire-junit-platform\3.2.2\surefire-junit-platform-3.2.2.jar;C:\Users\placu\.m2\repository\org\apache\maven\surefire\common-java5\3.2.2\common-java5-3.2.2.jar;C:\Users\placu\.m2\repository\org\junit\platform\junit-platform-launcher\1.11.3\junit-platform-launcher-1.11.3.jar"/>
    <property name="user.script" value=""/>
    <property name="sun.management.compiler" value="HotSpot 64-Bit Tiered Compilers"/>
    <property name="java.runtime.version" value="21.0.4+8-LTS-274"/>
    <property name="user.name" value="placu"/>
    <property name="stdout.encoding" value="Cp1250"/>
    <property name="path.separator" value=";"/>
    <property name="os.version" value="10.0"/>
    <property name="java.runtime.name" value="Java(TM) SE Runtime Environment"/>
    <property name="file.encoding" value="UTF-8"/>
    <property name="java.vm.name" value="Java HotSpot(TM) 64-Bit Server VM"/>
    <property name="maven.ext.class.path" value="C:\Program Files\NetBeans-22\netbeans\java\maven-nblib\netbeans-eventspy.jar"/>
    <property name="localRepository" value="C:\Users\placu\.m2\repository"/>
    <property name="java.vendor.url.bug" value="https://bugreport.java.com/bugreport/"/>
    <property name="java.io.tmpdir" value="C:\Users\placu\AppData\Local\Temp\"/>
    <property name="java.version" value="21.0.4"/>
    <property name="user.dir" value="C:\Users\placu\Music-library---Java\MusicLibraryGUI"/>
    <property name="os.arch" value="amd64"/>
    <property name="java.vm.specification.name" value="Java Virtual Machine Specification"/>
    <property name="sun.os.patch.level" value=""/>
    <property name="native.encoding" value="Cp1250"/>
    <property name="java.library.path" value="C:\Program Files\Java\jdk-21\bin;C:\Windows\Sun\Java\bin;C:\Windows\system32;C:\Windows;C:\Program Files\Common Files\Oracle\Java\javapath;C:\Windows\system32;C:\Windows;C:\Windows\System32\Wbem;C:\Windows\System32\WindowsPowerShell\v1.0\;C:\Windows\System32\OpenSSH\;C:\Program Files\Microsoft SQL Server\150\Tools\Binn\;C:\Program Files (x86)\Windows Kits\10\Windows Performance Toolkit\;C:\Program Files\Git\cmd;C:\Program Files (x86)\NVIDIA Corporation\PhysX\Common;C:\Program Files\Microsoft SQL Server\130\Tools\Binn\;C:\Program Files\NVIDIA Corporation\NVIDIA app\NvDLISR;C:\Program Files\Microsoft SQL Server\Client SDK\ODBC\170\Tools\Binn\;C:\Program Files\dotnet\;C:\Users\placu\AppData\Local\Microsoft\WindowsApps;C:\Users\placu\AppData\Local\Programs\Microsoft VS Code\bin;C:\Users\placu\.dotnet\tools;."/>
    <property name="java.vm.info" value="mixed mode"/>
    <property name="stderr.encoding" value="Cp1250"/>
    <property name="java.vendor" value="Oracle Corporation"/>
    <property name="java.vm.version" value="21.0.4+8-LTS-274"/>
    <property name="sun.io.unicode.encoding" value="UnicodeLittle"/>
    <property name="java.class.version" value="65.0"/>
  </properties>
  <testcase name="testAddSongNullEmptyBlank(String)[1]" classname="mk.musiclibrarygui.SongListTest" time="0.042"/>
  <testcase name="testAddSongNullEmptyBlank(String)[2]" classname="mk.musiclibrarygui.SongListTest" time="0.001"/>
  <testcase name="testAddSongNullEmptyBlank(String)[3]" classname="mk.musiclibrarygui.SongListTest" time="0.001"/>
  <testcase name="testAddSongNullEmptyBlank(String)[4]" classname="mk.musiclibrarygui.SongListTest" time="0.001"/>
  <testcase name="testAddSongNullEmptyBlank(String)[5]" classname="mk.musiclibrarygui.SongListTest" time="0.002"/>
  <testcase name="testAddSongProperlyValues(String, String, String, String, String, String)[1]" classname="mk.musiclibrarygui.SongListTest" time="0.006"/>
  <testcase name="testAddSongProperlyValues(String, String, String, String, String, String)[2]" classname="mk.musiclibrarygui.SongListTest" time="0.0"/>
  <testcase name="testAddSongProperlyValues(String, String, String, String, String, String)[3]" classname="mk.musiclibrarygui.SongListTest" time="0.001"/>
  <testcase name="testSongListNotNull(SongList)[1]" classname="mk.musiclibrarygui.SongListTest" time="0.001"/>
  <testcase name="testSongListNotNull(SongList)[2]" classname="mk.musiclibrarygui.SongListTest" time="0.002"/>
  <testcase name="testSongListNotNull(SongList)[3]" classname="mk.musiclibrarygui.SongListTest" time="0.002"/>
  <testcase name="testDeleteOneByIndexProperlyValues(int)[1]" classname="mk.musiclibrarygui.SongListTest" time="0.004"/>
  <testcase name="testDeleteOneByIndexProperlyValues(int)[2]" classname="mk.musiclibrarygui.SongListTest" time="0.001"/>
  <testcase name="testDeleteOneByIndexProperlyValues(int)[3]" classname="mk.musiclibrarygui.SongListTest" time="0.002"/>
  <testcase name="testCompareSongTitlesProperlyValues(String)[1]" classname="mk.musiclibrarygui.SongListTest" time="0.001"/>
  <testcase name="testCompareSongTitlesProperlyValues(String)[2]" classname="mk.musiclibrarygui.SongListTest" time="0.0"/>
  <testcase name="testDeleteOneByIndexNotProperlyValues(int)[1]" classname="mk.musiclibrarygui.SongListTest" time="0.002"/>
  <testcase name="testDeleteOneByIndexNotProperlyValues(int)[2]" classname="mk.musiclibrarygui.SongListTest" time="0.002"/>
  <testcase name="testAddSongNotProperlyValues(String, String, String, String, String, String)[1]" classname="mk.musiclibrarygui.SongListTest" time="0.001"/>
  <testcase name="testAddSongNotProperlyValues(String, String, String, String, String, String)[2]" classname="mk.musiclibrarygui.SongListTest" time="0.0"/>
  <testcase name="testAddSongNotProperlyValues(String, String, String, String, String, String)[3]" classname="mk.musiclibrarygui.SongListTest" time="0.001"/>
  <testcase name="testCompareSongTitlesNotProperlyValues(String)[1]" classname="mk.musiclibrarygui.SongListTest" time="0.001"/>
  <testcase name="testCompareSongTitlesNotProperlyValues(String)[2]" classname="mk.musiclibrarygui.SongListTest" time="0.0"/>
</testsuite>